\BOOKMARK [0][-]{chapter.1}{Project introduction}{}% 1
\BOOKMARK [1][-]{section.1.1}{Initializing problem statement}{chapter.1}% 2
\BOOKMARK [-1][-]{part.1}{I Analysis}{}% 3
\BOOKMARK [0][-]{chapter.2}{Context}{part.1}% 4
\BOOKMARK [0][-]{chapter.3}{Technologies}{part.1}% 5
\BOOKMARK [1][-]{section.3.1}{Mesh networks}{chapter.3}% 6
\BOOKMARK [1][-]{section.3.2}{Wireless communication}{chapter.3}% 7
\BOOKMARK [1][-]{section.3.3}{Communication protocols}{chapter.3}% 8
\BOOKMARK [0][-]{chapter.4}{Problem Statement}{part.1}% 9
\BOOKMARK [-1][-]{part.2}{II Implementation}{}% 10
\BOOKMARK [0][-]{chapter.5}{Theory}{part.2}% 11
\BOOKMARK [0][-]{chapter.6}{Design}{part.2}% 12
\BOOKMARK [0][-]{chapter.7}{Implementation}{part.2}% 13
\BOOKMARK [0][-]{chapter.8}{Test}{part.2}% 14
\BOOKMARK [-1][-]{part.3}{III Conclusion}{}% 15
\BOOKMARK [0][-]{chapter.9}{Reflection}{part.3}% 16
\BOOKMARK [1][-]{section.9.1}{What have we done!?}{chapter.9}% 17
\BOOKMARK [0][-]{chapter.10}{Summary}{part.3}% 18
\BOOKMARK [1][-]{section.10.1}{It ended like this}{chapter.10}% 19
\BOOKMARK [0][-]{chapter.11}{Future Work}{part.3}% 20
\BOOKMARK [1][-]{section.11.1}{To be done}{chapter.11}% 21
\BOOKMARK [-1][-]{part.4}{IV Appendix}{}% 22
